# JRE version: OpenJDK Runtime Environment (11.0.17+8) (build 11.0.17+8-post-Ubuntu-1ubuntu220.04)
# Java VM: OpenJDK 64-Bit Server VM (11.0.17+8-post-Ubuntu-1ubuntu220.04, mixed mode, sharing, tiered, compressed oops, g1 gc, linux-amd64)
Heap:
 garbage-first heap   total 1024000K, used 48448K [0x000000060b800000, 0x0000000800000000)
  region size 2048K, 2 young (4096K), 1 survivors (2048K)
 Metaspace       used 57233K, capacity 62739K, committed 62968K, reserved 1099776K
  class space    used 10321K, capacity 12448K, committed 12544K, reserved 1048576K
GC Heap History (20 events):
Event: 32.208 GC heap before
{Heap before GC invocations=29 (full 0):
 garbage-first heap   total 1024000K, used 527033K [0x000000060b800000, 0x0000000800000000)
  region size 2048K, 36 young (73728K), 7 survivors (14336K)
 Metaspace       used 57152K, capacity 62675K, committed 62968K, reserved 1099776K
  class space    used 10321K, capacity 12448K, committed 12544K, reserved 1048576K
}
Event: 32.211 GC heap after
{Heap after GC invocations=30 (full 0):
 garbage-first heap   total 1024000K, used 43679K [0x000000060b800000, 0x0000000800000000)
  region size 2048K, 7 young (14336K), 7 survivors (14336K)
 Metaspace       used 57152K, capacity 62675K, committed 62968K, reserved 1099776K
  class space    used 10321K, capacity 12448K, committed 12544K, reserved 1048576K
}
Event: 35.791 GC heap before
{Heap before GC invocations=31 (full 0):
 garbage-first heap   total 1024000K, used 527007K [0x000000060b800000, 0x0000000800000000)
  region size 2048K, 36 young (73728K), 7 survivors (14336K)
 Metaspace       used 57162K, capacity 62675K, committed 62968K, reserved 1099776K
  class space    used 10321K, capacity 12448K, committed 12544K, reserved 1048576K
}
Event: 35.795 GC heap after
{Heap after GC invocations=32 (full 0):
 garbage-first heap   total 1024000K, used 43642K [0x000000060b800000, 0x0000000800000000)
  region size 2048K, 7 young (14336K), 7 survivors (14336K)
 Metaspace       used 57162K, capacity 62675K, committed 62968K, reserved 1099776K
  class space    used 10321K, capacity 12448K, committed 12544K, reserved 1048576K
}
Event: 39.359 GC heap before
{Heap before GC invocations=33 (full 0):
 garbage-first heap   total 1024000K, used 526970K [0x000000060b800000, 0x0000000800000000)
  region size 2048K, 36 young (73728K), 7 survivors (14336K)
 Metaspace       used 57168K, capacity 62675K, committed 62968K, reserved 1099776K
  class space    used 10321K, capacity 12448K, committed 12544K, reserved 1048576K
}
Event: 39.362 GC heap after
{Heap after GC invocations=34 (full 0):
 garbage-first heap   total 1024000K, used 43336K [0x000000060b800000, 0x0000000800000000)
  region size 2048K, 6 young (12288K), 6 survivors (12288K)
 Metaspace       used 57168K, capacity 62675K, committed 62968K, reserved 1099776K
  class space    used 10321K, capacity 12448K, committed 12544K, reserved 1048576K
}
Event: 42.915 GC heap before
{Heap before GC invocations=35 (full 0):
 garbage-first heap   total 1024000K, used 526664K [0x000000060b800000, 0x0000000800000000)
  region size 2048K, 35 young (71680K), 6 survivors (12288K)
 Metaspace       used 57184K, capacity 62739K, committed 62968K, reserved 1099776K
  class space    used 10321K, capacity 12448K, committed 12544K, reserved 1048576K
}
Event: 42.919 GC heap after
{Heap after GC invocations=36 (full 0):
 garbage-first heap   total 1024000K, used 43733K [0x000000060b800000, 0x0000000800000000)
  region size 2048K, 7 young (14336K), 7 survivors (14336K)
 Metaspace       used 57184K, capacity 62739K, committed 62968K, reserved 1099776K
  class space    used 10321K, capacity 12448K, committed 12544K, reserved 1048576K
}
Event: 46.470 GC heap before
{Heap before GC invocations=37 (full 0):
 garbage-first heap   total 1024000K, used 525013K [0x000000060b800000, 0x0000000800000000)
  region size 2048K, 35 young (71680K), 7 survivors (14336K)
 Metaspace       used 57186K, capacity 62739K, committed 62968K, reserved 1099776K
  class space    used 10321K, capacity 12448K, committed 12544K, reserved 1048576K
}
Event: 46.474 GC heap after
{Heap after GC invocations=38 (full 0):
 garbage-first heap   total 1024000K, used 43568K [0x000000060b800000, 0x0000000800000000)
  region size 2048K, 6 young (12288K), 6 survivors (12288K)
 Metaspace       used 57186K, capacity 62739K, committed 62968K, reserved 1099776K
  class space    used 10321K, capacity 12448K, committed 12544K, reserved 1048576K
}
Event: 50.030 GC heap before
{Heap before GC invocations=39 (full 0):
 garbage-first heap   total 1024000K, used 526896K [0x000000060b800000, 0x0000000800000000)
  region size 2048K, 35 young (71680K), 6 survivors (12288K)
 Metaspace       used 57188K, capacity 62739K, committed 62968K, reserved 1099776K
  class space    used 10321K, capacity 12448K, committed 12544K, reserved 1048576K
}
Event: 50.034 GC heap after
{Heap after GC invocations=40 (full 0):
 garbage-first heap   total 1024000K, used 43799K [0x000000060b800000, 0x0000000800000000)
  region size 2048K, 7 young (14336K), 7 survivors (14336K)
 Metaspace       used 57188K, capacity 62739K, committed 62968K, reserved 1099776K
  class space    used 10321K, capacity 12448K, committed 12544K, reserved 1048576K
}
Event: 53.586 GC heap before
{Heap before GC invocations=41 (full 0):
 garbage-first heap   total 1024000K, used 525079K [0x000000060b800000, 0x0000000800000000)
  region size 2048K, 35 young (71680K), 7 survivors (14336K)
 Metaspace       used 57195K, capacity 62739K, committed 62968K, reserved 1099776K
  class space    used 10321K, capacity 12448K, committed 12544K, reserved 1048576K
}
Event: 53.590 GC heap after
{Heap after GC invocations=42 (full 0):
 garbage-first heap   total 1024000K, used 43970K [0x000000060b800000, 0x0000000800000000)
  region size 2048K, 6 young (12288K), 6 survivors (12288K)
 Metaspace       used 57195K, capacity 62739K, committed 62968K, reserved 1099776K
  class space    used 10321K, capacity 12448K, committed 12544K, reserved 1048576K
}
Event: 57.114 GC heap before
{Heap before GC invocations=43 (full 0):
 garbage-first heap   total 1024000K, used 523202K [0x000000060b800000, 0x0000000800000000)
  region size 2048K, 34 young (69632K), 6 survivors (12288K)
 Metaspace       used 57203K, capacity 62739K, committed 62968K, reserved 1099776K
  class space    used 10321K, capacity 12448K, committed 12544K, reserved 1048576K
}
Event: 57.118 GC heap after
{Heap after GC invocations=44 (full 0):
 garbage-first heap   total 1024000K, used 43662K [0x000000060b800000, 0x0000000800000000)
  region size 2048K, 6 young (12288K), 6 survivors (12288K)
 Metaspace       used 57203K, capacity 62739K, committed 62968K, reserved 1099776K
  class space    used 10321K, capacity 12448K, committed 12544K, reserved 1048576K
}
Event: 60.635 GC heap before
{Heap before GC invocations=45 (full 0):
 garbage-first heap   total 1024000K, used 520846K [0x000000060b800000, 0x0000000800000000)
  region size 2048K, 34 young (69632K), 6 survivors (12288K)
 Metaspace       used 57227K, capacity 62739K, committed 62968K, reserved 1099776K
  class space    used 10321K, capacity 12448K, committed 12544K, reserved 1048576K
}
Event: 60.639 GC heap after
{Heap after GC invocations=46 (full 0):
 garbage-first heap   total 1024000K, used 44302K [0x000000060b800000, 0x0000000800000000)
  region size 2048K, 2 young (4096K), 2 survivors (4096K)
 Metaspace       used 57227K, capacity 62739K, committed 62968K, reserved 1099776K
  class space    used 10321K, capacity 12448K, committed 12544K, reserved 1048576K
}
Event: 64.089 GC heap before
{Heap before GC invocations=47 (full 0):
 garbage-first heap   total 1024000K, used 513294K [0x000000060b800000, 0x0000000800000000)
  region size 2048K, 30 young (61440K), 2 survivors (4096K)
 Metaspace       used 57233K, capacity 62739K, committed 62968K, reserved 1099776K
  class space    used 10321K, capacity 12448K, committed 12544K, reserved 1048576K
}
Event: 64.091 GC heap after
{Heap after GC invocations=48 (full 0):
 garbage-first heap   total 1024000K, used 44352K [0x000000060b800000, 0x0000000800000000)
  region size 2048K, 1 young (2048K), 1 survivors (2048K)
 Metaspace       used 57233K, capacity 62739K, committed 62968K, reserved 1099776K
  class space    used 10321K, capacity 12448K, committed 12544K, reserved 1048576K
}

