# JRE version: OpenJDK Runtime Environment (11.0.17+8) (build 11.0.17+8-post-Ubuntu-1ubuntu220.04)
# Java VM: OpenJDK 64-Bit Server VM (11.0.17+8-post-Ubuntu-1ubuntu220.04, mixed mode, sharing, tiered, compressed oops, g1 gc, linux-amd64)
Heap:
 garbage-first heap   total 1177600K, used 47190K [0x000000060b800000, 0x0000000800000000)
  region size 2048K, 7 young (14336K), 6 survivors (12288K)
 Metaspace       used 57097K, capacity 62670K, committed 62800K, reserved 1099776K
  class space    used 10321K, capacity 12447K, committed 12544K, reserved 1048576K
GC Heap History (20 events):
Event: 4.223 GC heap before
{Heap before GC invocations=13 (full 0):
 garbage-first heap   total 817152K, used 490984K [0x000000060b800000, 0x0000000800000000)
  region size 2048K, 239 young (489472K), 10 survivors (20480K)
 Metaspace       used 38915K, capacity 42335K, committed 42672K, reserved 1083392K
  class space    used 7149K, capacity 8644K, committed 8704K, reserved 1048576K
}
Event: 4.230 GC heap after
{Heap after GC invocations=14 (full 0):
 garbage-first heap   total 817152K, used 21760K [0x000000060b800000, 0x0000000800000000)
  region size 2048K, 10 young (20480K), 10 survivors (20480K)
 Metaspace       used 38915K, capacity 42335K, committed 42672K, reserved 1083392K
  class space    used 7149K, capacity 8644K, committed 8704K, reserved 1048576K
}
Event: 4.591 GC heap before
{Heap before GC invocations=14 (full 0):
 garbage-first heap   total 817152K, used 490752K [0x000000060b800000, 0x0000000800000000)
  region size 2048K, 239 young (489472K), 10 survivors (20480K)
 Metaspace       used 41846K, capacity 45248K, committed 45744K, reserved 1085440K
  class space    used 7605K, capacity 9124K, committed 9216K, reserved 1048576K
}
Event: 4.600 GC heap after
{Heap after GC invocations=15 (full 0):
 garbage-first heap   total 980992K, used 22227K [0x000000060b800000, 0x0000000800000000)
  region size 2048K, 10 young (20480K), 10 survivors (20480K)
 Metaspace       used 41846K, capacity 45248K, committed 45744K, reserved 1085440K
  class space    used 7605K, capacity 9124K, committed 9216K, reserved 1048576K
}
Event: 5.577 GC heap before
{Heap before GC invocations=15 (full 0):
 garbage-first heap   total 980992K, used 687827K [0x000000060b800000, 0x0000000800000000)
  region size 2048K, 287 young (587776K), 10 survivors (20480K)
 Metaspace       used 48654K, capacity 53424K, committed 53552K, reserved 1091584K
  class space    used 9202K, capacity 11071K, committed 11136K, reserved 1048576K
}
Event: 5.588 GC heap after
{Heap after GC invocations=16 (full 0):
 garbage-first heap   total 980992K, used 26560K [0x000000060b800000, 0x0000000800000000)
  region size 2048K, 12 young (24576K), 12 survivors (24576K)
 Metaspace       used 48654K, capacity 53424K, committed 53552K, reserved 1091584K
  class space    used 9202K, capacity 11071K, committed 11136K, reserved 1048576K
}
Event: 6.930 GC heap before
{Heap before GC invocations=16 (full 0):
 garbage-first heap   total 980992K, used 237504K [0x000000060b800000, 0x0000000800000000)
  region size 2048K, 114 young (233472K), 12 survivors (24576K)
 Metaspace       used 54362K, capacity 59617K, committed 59728K, reserved 1097728K
  class space    used 10175K, capacity 12260K, committed 12288K, reserved 1048576K
}
Event: 6.943 GC heap after
{Heap after GC invocations=17 (full 0):
 garbage-first heap   total 980992K, used 35282K [0x000000060b800000, 0x0000000800000000)
  region size 2048K, 14 young (28672K), 14 survivors (28672K)
 Metaspace       used 54362K, capacity 59617K, committed 59728K, reserved 1097728K
  class space    used 10175K, capacity 12260K, committed 12288K, reserved 1048576K
}
Event: 10.600 GC heap before
{Heap before GC invocations=18 (full 0):
 garbage-first heap   total 980992K, used 561618K [0x000000060b800000, 0x0000000800000000)
  region size 2048K, 63 young (129024K), 14 survivors (28672K)
 Metaspace       used 56376K, capacity 61773K, committed 62032K, reserved 1099776K
  class space    used 10318K, capacity 12442K, committed 12544K, reserved 1048576K
}
Event: 10.612 GC heap after
{Heap after GC invocations=19 (full 0):
 garbage-first heap   total 980992K, used 43499K [0x000000060b800000, 0x0000000800000000)
  region size 2048K, 13 young (26624K), 13 survivors (26624K)
 Metaspace       used 56376K, capacity 61773K, committed 62032K, reserved 1099776K
  class space    used 10318K, capacity 12442K, committed 12544K, reserved 1048576K
}
Event: 14.085 GC heap before
{Heap before GC invocations=20 (full 0):
 garbage-first heap   total 980992K, used 514539K [0x000000060b800000, 0x0000000800000000)
  region size 2048K, 40 young (81920K), 13 survivors (26624K)
 Metaspace       used 56598K, capacity 61978K, committed 62288K, reserved 1099776K
  class space    used 10318K, capacity 12442K, committed 12544K, reserved 1048576K
}
Event: 14.105 GC heap after
{Heap after GC invocations=21 (full 0):
 garbage-first heap   total 980992K, used 42580K [0x000000060b800000, 0x0000000800000000)
  region size 2048K, 12 young (24576K), 12 survivors (24576K)
 Metaspace       used 56598K, capacity 61978K, committed 62288K, reserved 1099776K
  class space    used 10318K, capacity 12442K, committed 12544K, reserved 1048576K
}
Event: 17.543 GC heap before
{Heap before GC invocations=22 (full 0):
 garbage-first heap   total 980992K, used 511572K [0x000000060b800000, 0x0000000800000000)
  region size 2048K, 40 young (81920K), 12 survivors (24576K)
 Metaspace       used 56924K, capacity 62441K, committed 62800K, reserved 1099776K
  class space    used 10318K, capacity 12443K, committed 12544K, reserved 1048576K
}
Event: 17.549 GC heap after
{Heap after GC invocations=23 (full 0):
 garbage-first heap   total 1177600K, used 44111K [0x000000060b800000, 0x0000000800000000)
  region size 2048K, 10 young (20480K), 10 survivors (20480K)
 Metaspace       used 56924K, capacity 62441K, committed 62800K, reserved 1099776K
  class space    used 10318K, capacity 12443K, committed 12544K, reserved 1048576K
}
Event: 21.715 GC heap before
{Heap before GC invocations=24 (full 0):
 garbage-first heap   total 1177600K, used 605263K [0x000000060b800000, 0x0000000800000000)
  region size 2048K, 41 young (83968K), 10 survivors (20480K)
 Metaspace       used 57023K, capacity 62584K, committed 62800K, reserved 1099776K
  class space    used 10319K, capacity 12444K, committed 12544K, reserved 1048576K
}
Event: 21.726 GC heap after
{Heap after GC invocations=25 (full 0):
 garbage-first heap   total 1177600K, used 42957K [0x000000060b800000, 0x0000000800000000)
  region size 2048K, 7 young (14336K), 7 survivors (14336K)
 Metaspace       used 57023K, capacity 62584K, committed 62800K, reserved 1099776K
  class space    used 10319K, capacity 12444K, committed 12544K, reserved 1048576K
}
Event: 25.852 GC heap before
{Heap before GC invocations=26 (full 0):
 garbage-first heap   total 1177600K, used 600013K [0x000000060b800000, 0x0000000800000000)
  region size 2048K, 38 young (77824K), 7 survivors (14336K)
 Metaspace       used 57042K, capacity 62584K, committed 62800K, reserved 1099776K
  class space    used 10319K, capacity 12444K, committed 12544K, reserved 1048576K
}
Event: 25.856 GC heap after
{Heap after GC invocations=27 (full 0):
 garbage-first heap   total 1177600K, used 43225K [0x000000060b800000, 0x0000000800000000)
  region size 2048K, 7 young (14336K), 7 survivors (14336K)
 Metaspace       used 57042K, capacity 62584K, committed 62800K, reserved 1099776K
  class space    used 10319K, capacity 12444K, committed 12544K, reserved 1048576K
}
Event: 29.962 GC heap before
{Heap before GC invocations=28 (full 0):
 garbage-first heap   total 1177600K, used 598233K [0x000000060b800000, 0x0000000800000000)
  region size 2048K, 39 young (79872K), 7 survivors (14336K)
 Metaspace       used 57097K, capacity 62670K, committed 62800K, reserved 1099776K
  class space    used 10321K, capacity 12447K, committed 12544K, reserved 1048576K
}
Event: 29.965 GC heap after
{Heap after GC invocations=29 (full 0):
 garbage-first heap   total 1177600K, used 43094K [0x000000060b800000, 0x0000000800000000)
  region size 2048K, 6 young (12288K), 6 survivors (12288K)
 Metaspace       used 57097K, capacity 62670K, committed 62800K, reserved 1099776K
  class space    used 10321K, capacity 12447K, committed 12544K, reserved 1048576K
}

