# JRE version: OpenJDK Runtime Environment (11.0.17+8) (build 11.0.17+8-post-Ubuntu-1ubuntu220.04)
# Java VM: OpenJDK 64-Bit Server VM (11.0.17+8-post-Ubuntu-1ubuntu220.04, mixed mode, sharing, tiered, compressed oops, g1 gc, linux-amd64)
Heap:
 garbage-first heap   total 978944K, used 47157K [0x000000060b800000, 0x0000000800000000)
  region size 2048K, 7 young (14336K), 6 survivors (12288K)
 Metaspace       used 57064K, capacity 62608K, committed 62748K, reserved 1099776K
  class space    used 10321K, capacity 12447K, committed 12492K, reserved 1048576K
GC Heap History (20 events):
Event: 5.712 GC heap before
{Heap before GC invocations=15 (full 0):
 garbage-first heap   total 978944K, used 685936K [0x000000060b800000, 0x0000000800000000)
  region size 2048K, 286 young (585728K), 10 survivors (20480K)
 Metaspace       used 47852K, capacity 52366K, committed 52528K, reserved 1091584K
  class space    used 9005K, capacity 10778K, committed 10880K, reserved 1048576K
}
Event: 5.721 GC heap after
{Heap after GC invocations=16 (full 0):
 garbage-first heap   total 978944K, used 25767K [0x000000060b800000, 0x0000000800000000)
  region size 2048K, 12 young (24576K), 12 survivors (24576K)
 Metaspace       used 47852K, capacity 52366K, committed 52528K, reserved 1091584K
  class space    used 9005K, capacity 10778K, committed 10880K, reserved 1048576K
}
Event: 7.040 GC heap before
{Heap before GC invocations=16 (full 0):
 garbage-first heap   total 978944K, used 273575K [0x000000060b800000, 0x0000000800000000)
  region size 2048K, 132 young (270336K), 12 survivors (24576K)
 Metaspace       used 54444K, capacity 59689K, committed 59728K, reserved 1097728K
  class space    used 10190K, capacity 12263K, committed 12288K, reserved 1048576K
}
Event: 7.053 GC heap after
{Heap after GC invocations=17 (full 0):
 garbage-first heap   total 978944K, used 35550K [0x000000060b800000, 0x0000000800000000)
  region size 2048K, 14 young (28672K), 14 survivors (28672K)
 Metaspace       used 54444K, capacity 59689K, committed 59728K, reserved 1097728K
  class space    used 10190K, capacity 12263K, committed 12288K, reserved 1048576K
}
Event: 10.681 GC heap before
{Heap before GC invocations=18 (full 0):
 garbage-first heap   total 978944K, used 547550K [0x000000060b800000, 0x0000000800000000)
  region size 2048K, 56 young (114688K), 14 survivors (28672K)
 Metaspace       used 55965K, capacity 61376K, committed 61468K, reserved 1097728K
  class space    used 10310K, capacity 12434K, committed 12492K, reserved 1048576K
}
Event: 10.696 GC heap after
{Heap after GC invocations=19 (full 0):
 garbage-first heap   total 978944K, used 42339K [0x000000060b800000, 0x0000000800000000)
  region size 2048K, 13 young (26624K), 13 survivors (26624K)
 Metaspace       used 55965K, capacity 61376K, committed 61468K, reserved 1097728K
  class space    used 10310K, capacity 12434K, committed 12492K, reserved 1048576K
}
Event: 14.168 GC heap before
{Heap before GC invocations=20 (full 0):
 garbage-first heap   total 978944K, used 509283K [0x000000060b800000, 0x0000000800000000)
  region size 2048K, 37 young (75776K), 13 survivors (26624K)
 Metaspace       used 56154K, capacity 61580K, committed 61724K, reserved 1099776K
  class space    used 10311K, capacity 12434K, committed 12492K, reserved 1048576K
}
Event: 14.174 GC heap after
{Heap after GC invocations=21 (full 0):
 garbage-first heap   total 978944K, used 42844K [0x000000060b800000, 0x0000000800000000)
  region size 2048K, 12 young (24576K), 12 survivors (24576K)
 Metaspace       used 56154K, capacity 61580K, committed 61724K, reserved 1099776K
  class space    used 10311K, capacity 12434K, committed 12492K, reserved 1048576K
}
Event: 17.623 GC heap before
{Heap before GC invocations=22 (full 0):
 garbage-first heap   total 978944K, used 501596K [0x000000060b800000, 0x0000000800000000)
  region size 2048K, 35 young (71680K), 12 survivors (24576K)
 Metaspace       used 56337K, capacity 61841K, committed 61980K, reserved 1099776K
  class space    used 10311K, capacity 12434K, committed 12492K, reserved 1048576K
}
Event: 17.629 GC heap after
{Heap after GC invocations=23 (full 0):
 garbage-first heap   total 978944K, used 42395K [0x000000060b800000, 0x0000000800000000)
  region size 2048K, 10 young (20480K), 10 survivors (20480K)
 Metaspace       used 56337K, capacity 61841K, committed 61980K, reserved 1099776K
  class space    used 10311K, capacity 12434K, committed 12492K, reserved 1048576K
}
Event: 21.044 GC heap before
{Heap before GC invocations=24 (full 0):
 garbage-first heap   total 978944K, used 499099K [0x000000060b800000, 0x0000000800000000)
  region size 2048K, 34 young (69632K), 10 survivors (20480K)
 Metaspace       used 56497K, capacity 62050K, committed 62236K, reserved 1099776K
  class space    used 10311K, capacity 12434K, committed 12492K, reserved 1048576K
}
Event: 21.049 GC heap after
{Heap after GC invocations=25 (full 0):
 garbage-first heap   total 978944K, used 42287K [0x000000060b800000, 0x0000000800000000)
  region size 2048K, 7 young (14336K), 7 survivors (14336K)
 Metaspace       used 56497K, capacity 62050K, committed 62236K, reserved 1099776K
  class space    used 10311K, capacity 12434K, committed 12492K, reserved 1048576K
}
Event: 24.402 GC heap before
{Heap before GC invocations=26 (full 0):
 garbage-first heap   total 978944K, used 496943K [0x000000060b800000, 0x0000000800000000)
  region size 2048K, 32 young (65536K), 7 survivors (14336K)
 Metaspace       used 56876K, capacity 62474K, committed 62748K, reserved 1099776K
  class space    used 10321K, capacity 12447K, committed 12492K, reserved 1048576K
}
Event: 24.406 GC heap after
{Heap after GC invocations=27 (full 0):
 garbage-first heap   total 978944K, used 42263K [0x000000060b800000, 0x0000000800000000)
  region size 2048K, 7 young (14336K), 7 survivors (14336K)
 Metaspace       used 56876K, capacity 62474K, committed 62748K, reserved 1099776K
  class space    used 10321K, capacity 12447K, committed 12492K, reserved 1048576K
}
Event: 27.785 GC heap before
{Heap before GC invocations=28 (full 0):
 garbage-first heap   total 978944K, used 496919K [0x000000060b800000, 0x0000000800000000)
  region size 2048K, 32 young (65536K), 7 survivors (14336K)
 Metaspace       used 56992K, capacity 62543K, committed 62748K, reserved 1099776K
  class space    used 10321K, capacity 12447K, committed 12492K, reserved 1048576K
}
Event: 27.789 GC heap after
{Heap after GC invocations=29 (full 0):
 garbage-first heap   total 978944K, used 42930K [0x000000060b800000, 0x0000000800000000)
  region size 2048K, 6 young (12288K), 6 survivors (12288K)
 Metaspace       used 56992K, capacity 62543K, committed 62748K, reserved 1099776K
  class space    used 10321K, capacity 12447K, committed 12492K, reserved 1048576K
}
Event: 31.170 GC heap before
{Heap before GC invocations=30 (full 0):
 garbage-first heap   total 978944K, used 495538K [0x000000060b800000, 0x0000000800000000)
  region size 2048K, 30 young (61440K), 6 survivors (12288K)
 Metaspace       used 57028K, capacity 62608K, committed 62748K, reserved 1099776K
  class space    used 10321K, capacity 12447K, committed 12492K, reserved 1048576K
}
Event: 31.174 GC heap after
{Heap after GC invocations=31 (full 0):
 garbage-first heap   total 978944K, used 42905K [0x000000060b800000, 0x0000000800000000)
  region size 2048K, 6 young (12288K), 6 survivors (12288K)
 Metaspace       used 57028K, capacity 62608K, committed 62748K, reserved 1099776K
  class space    used 10321K, capacity 12447K, committed 12492K, reserved 1048576K
}
Event: 34.557 GC heap before
{Heap before GC invocations=32 (full 0):
 garbage-first heap   total 978944K, used 495513K [0x000000060b800000, 0x0000000800000000)
  region size 2048K, 30 young (61440K), 6 survivors (12288K)
 Metaspace       used 57064K, capacity 62608K, committed 62748K, reserved 1099776K
  class space    used 10321K, capacity 12447K, committed 12492K, reserved 1048576K
}
Event: 34.561 GC heap after
{Heap after GC invocations=33 (full 0):
 garbage-first heap   total 978944K, used 43061K [0x000000060b800000, 0x0000000800000000)
  region size 2048K, 6 young (12288K), 6 survivors (12288K)
 Metaspace       used 57064K, capacity 62608K, committed 62748K, reserved 1099776K
  class space    used 10321K, capacity 12447K, committed 12492K, reserved 1048576K
}

