# JRE version: OpenJDK Runtime Environment (11.0.17+8) (build 11.0.17+8-post-Ubuntu-1ubuntu220.04)
# Java VM: OpenJDK 64-Bit Server VM (11.0.17+8-post-Ubuntu-1ubuntu220.04, mixed mode, sharing, tiered, compressed oops, g1 gc, linux-amd64)
Heap:
 garbage-first heap   total 1081344K, used 49879K [0x000000060b800000, 0x0000000800000000)
  region size 2048K, 8 young (16384K), 8 survivors (16384K)
 Metaspace       used 57394K, capacity 60465K, committed 60592K, reserved 1099776K
  class space    used 10116K, capacity 11237K, committed 11264K, reserved 1048576K
GC Heap History (20 events):
Event: 13.082 GC heap before
{Heap before GC invocations=20 (full 0):
 garbage-first heap   total 1081344K, used 567658K [0x000000060b800000, 0x0000000800000000)
  region size 2048K, 44 young (90112K), 16 survivors (32768K)
 Metaspace       used 56886K, capacity 60003K, committed 60080K, reserved 1097728K
  class space    used 10110K, capacity 11234K, committed 11264K, reserved 1048576K
}
Event: 13.096 GC heap after
{Heap after GC invocations=21 (full 0):
 garbage-first heap   total 1081344K, used 44556K [0x000000060b800000, 0x0000000800000000)
  region size 2048K, 14 young (28672K), 14 survivors (28672K)
 Metaspace       used 56886K, capacity 60003K, committed 60080K, reserved 1097728K
  class space    used 10110K, capacity 11234K, committed 11264K, reserved 1048576K
}
Event: 14.946 GC heap before
{Heap before GC invocations=22 (full 0):
 garbage-first heap   total 1081344K, used 562700K [0x000000060b800000, 0x0000000800000000)
  region size 2048K, 42 young (86016K), 14 survivors (28672K)
 Metaspace       used 57164K, capacity 60259K, committed 60336K, reserved 1097728K
  class space    used 10110K, capacity 11234K, committed 11264K, reserved 1048576K
}
Event: 14.954 GC heap after
{Heap after GC invocations=23 (full 0):
 garbage-first heap   total 1081344K, used 49556K [0x000000060b800000, 0x0000000800000000)
  region size 2048K, 13 young (26624K), 13 survivors (26624K)
 Metaspace       used 57164K, capacity 60259K, committed 60336K, reserved 1097728K
  class space    used 10110K, capacity 11234K, committed 11264K, reserved 1048576K
}
Event: 16.809 GC heap before
{Heap before GC invocations=24 (full 0):
 garbage-first heap   total 1081344K, used 561556K [0x000000060b800000, 0x0000000800000000)
  region size 2048K, 40 young (81920K), 13 survivors (26624K)
 Metaspace       used 57169K, capacity 60259K, committed 60336K, reserved 1097728K
  class space    used 10110K, capacity 11234K, committed 11264K, reserved 1048576K
}
Event: 16.816 GC heap after
{Heap after GC invocations=25 (full 0):
 garbage-first heap   total 1081344K, used 48896K [0x000000060b800000, 0x0000000800000000)
  region size 2048K, 11 young (22528K), 11 survivors (22528K)
 Metaspace       used 57169K, capacity 60259K, committed 60336K, reserved 1097728K
  class space    used 10110K, capacity 11234K, committed 11264K, reserved 1048576K
}
Event: 18.645 GC heap before
{Heap before GC invocations=26 (full 0):
 garbage-first heap   total 1081344K, used 552704K [0x000000060b800000, 0x0000000800000000)
  region size 2048K, 38 young (77824K), 11 survivors (22528K)
 Metaspace       used 57283K, capacity 60388K, committed 60592K, reserved 1099776K
  class space    used 10110K, capacity 11234K, committed 11264K, reserved 1048576K
}
Event: 18.650 GC heap after
{Heap after GC invocations=27 (full 0):
 garbage-first heap   total 1081344K, used 48828K [0x000000060b800000, 0x0000000800000000)
  region size 2048K, 8 young (16384K), 8 survivors (16384K)
 Metaspace       used 57283K, capacity 60388K, committed 60592K, reserved 1099776K
  class space    used 10110K, capacity 11234K, committed 11264K, reserved 1048576K
}
Event: 20.476 GC heap before
{Heap before GC invocations=28 (full 0):
 garbage-first heap   total 1081344K, used 548540K [0x000000060b800000, 0x0000000800000000)
  region size 2048K, 35 young (71680K), 8 survivors (16384K)
 Metaspace       used 57293K, capacity 60388K, committed 60592K, reserved 1099776K
  class space    used 10110K, capacity 11234K, committed 11264K, reserved 1048576K
}
Event: 20.480 GC heap after
{Heap after GC invocations=29 (full 0):
 garbage-first heap   total 1081344K, used 45987K [0x000000060b800000, 0x0000000800000000)
  region size 2048K, 8 young (16384K), 8 survivors (16384K)
 Metaspace       used 57293K, capacity 60388K, committed 60592K, reserved 1099776K
  class space    used 10110K, capacity 11234K, committed 11264K, reserved 1048576K
}
Event: 22.311 GC heap before
{Heap before GC invocations=30 (full 0):
 garbage-first heap   total 1081344K, used 549795K [0x000000060b800000, 0x0000000800000000)
  region size 2048K, 35 young (71680K), 8 survivors (16384K)
 Metaspace       used 57293K, capacity 60388K, committed 60592K, reserved 1099776K
  class space    used 10110K, capacity 11234K, committed 11264K, reserved 1048576K
}
Event: 22.315 GC heap after
{Heap after GC invocations=31 (full 0):
 garbage-first heap   total 1081344K, used 45687K [0x000000060b800000, 0x0000000800000000)
  region size 2048K, 8 young (16384K), 8 survivors (16384K)
 Metaspace       used 57293K, capacity 60388K, committed 60592K, reserved 1099776K
  class space    used 10110K, capacity 11234K, committed 11264K, reserved 1048576K
}
Event: 24.142 GC heap before
{Heap before GC invocations=32 (full 0):
 garbage-first heap   total 1081344K, used 549495K [0x000000060b800000, 0x0000000800000000)
  region size 2048K, 35 young (71680K), 8 survivors (16384K)
 Metaspace       used 57321K, capacity 60391K, committed 60592K, reserved 1099776K
  class space    used 10110K, capacity 11234K, committed 11264K, reserved 1048576K
}
Event: 24.146 GC heap after
{Heap after GC invocations=33 (full 0):
 garbage-first heap   total 1081344K, used 45445K [0x000000060b800000, 0x0000000800000000)
  region size 2048K, 7 young (14336K), 7 survivors (14336K)
 Metaspace       used 57321K, capacity 60391K, committed 60592K, reserved 1099776K
  class space    used 10110K, capacity 11234K, committed 11264K, reserved 1048576K
}
Event: 25.942 GC heap before
{Heap before GC invocations=34 (full 0):
 garbage-first heap   total 1081344K, used 547205K [0x000000060b800000, 0x0000000800000000)
  region size 2048K, 34 young (69632K), 7 survivors (14336K)
 Metaspace       used 57394K, capacity 60465K, committed 60592K, reserved 1099776K
  class space    used 10116K, capacity 11237K, committed 11264K, reserved 1048576K
}
Event: 25.946 GC heap after
{Heap after GC invocations=35 (full 0):
 garbage-first heap   total 1081344K, used 49359K [0x000000060b800000, 0x0000000800000000)
  region size 2048K, 7 young (14336K), 7 survivors (14336K)
 Metaspace       used 57394K, capacity 60465K, committed 60592K, reserved 1099776K
  class space    used 10116K, capacity 11237K, committed 11264K, reserved 1048576K
}
Event: 27.774 GC heap before
{Heap before GC invocations=36 (full 0):
 garbage-first heap   total 1081344K, used 547023K [0x000000060b800000, 0x0000000800000000)
  region size 2048K, 33 young (67584K), 7 survivors (14336K)
 Metaspace       used 57394K, capacity 60465K, committed 60592K, reserved 1099776K
  class space    used 10116K, capacity 11237K, committed 11264K, reserved 1048576K
}
Event: 27.779 GC heap after
{Heap after GC invocations=37 (full 0):
 garbage-first heap   total 1081344K, used 45564K [0x000000060b800000, 0x0000000800000000)
  region size 2048K, 7 young (14336K), 7 survivors (14336K)
 Metaspace       used 57394K, capacity 60465K, committed 60592K, reserved 1099776K
  class space    used 10116K, capacity 11237K, committed 11264K, reserved 1048576K
}
Event: 29.603 GC heap before
{Heap before GC invocations=38 (full 0):
 garbage-first heap   total 1081344K, used 547324K [0x000000060b800000, 0x0000000800000000)
  region size 2048K, 33 young (67584K), 7 survivors (14336K)
 Metaspace       used 57394K, capacity 60465K, committed 60592K, reserved 1099776K
  class space    used 10116K, capacity 11237K, committed 11264K, reserved 1048576K
}
Event: 29.607 GC heap after
{Heap after GC invocations=39 (full 0):
 garbage-first heap   total 1081344K, used 45783K [0x000000060b800000, 0x0000000800000000)
  region size 2048K, 8 young (16384K), 8 survivors (16384K)
 Metaspace       used 57394K, capacity 60465K, committed 60592K, reserved 1099776K
  class space    used 10116K, capacity 11237K, committed 11264K, reserved 1048576K
}

