# JRE version: OpenJDK Runtime Environment (11.0.17+8) (build 11.0.17+8-post-Ubuntu-1ubuntu220.04)
# Java VM: OpenJDK 64-Bit Server VM (11.0.17+8-post-Ubuntu-1ubuntu220.04, mixed mode, sharing, tiered, compressed oops, g1 gc, linux-amd64)
Heap:
 garbage-first heap   total 1003520K, used 47206K [0x000000060b800000, 0x0000000800000000)
  region size 2048K, 2 young (4096K), 1 survivors (2048K)
 Metaspace       used 57083K, capacity 62674K, committed 62976K, reserved 1099776K
  class space    used 10321K, capacity 12448K, committed 12544K, reserved 1048576K
GC Heap History (20 events):
Event: 35.211 GC heap before
{Heap before GC invocations=31 (full 0):
 garbage-first heap   total 1003520K, used 501361K [0x000000060b800000, 0x0000000800000000)
  region size 2048K, 29 young (59392K), 6 survivors (12288K)
 Metaspace       used 57057K, capacity 62604K, committed 62976K, reserved 1099776K
  class space    used 10320K, capacity 12447K, committed 12544K, reserved 1048576K
}
Event: 35.215 GC heap after
{Heap after GC invocations=32 (full 0):
 garbage-first heap   total 1003520K, used 42439K [0x000000060b800000, 0x0000000800000000)
  region size 2048K, 6 young (12288K), 6 survivors (12288K)
 Metaspace       used 57057K, capacity 62604K, committed 62976K, reserved 1099776K
  class space    used 10320K, capacity 12447K, committed 12544K, reserved 1048576K
}
Event: 38.669 GC heap before
{Heap before GC invocations=33 (full 0):
 garbage-first heap   total 1003520K, used 501191K [0x000000060b800000, 0x0000000800000000)
  region size 2048K, 29 young (59392K), 6 survivors (12288K)
 Metaspace       used 57069K, capacity 62668K, committed 62976K, reserved 1099776K
  class space    used 10320K, capacity 12447K, committed 12544K, reserved 1048576K
}
Event: 38.673 GC heap after
{Heap after GC invocations=34 (full 0):
 garbage-first heap   total 1003520K, used 42614K [0x000000060b800000, 0x0000000800000000)
  region size 2048K, 6 young (12288K), 6 survivors (12288K)
 Metaspace       used 57069K, capacity 62668K, committed 62976K, reserved 1099776K
  class space    used 10320K, capacity 12447K, committed 12544K, reserved 1048576K
}
Event: 42.122 GC heap before
{Heap before GC invocations=35 (full 0):
 garbage-first heap   total 1003520K, used 503414K [0x000000060b800000, 0x0000000800000000)
  region size 2048K, 30 young (61440K), 6 survivors (12288K)
 Metaspace       used 57069K, capacity 62668K, committed 62976K, reserved 1099776K
  class space    used 10320K, capacity 12447K, committed 12544K, reserved 1048576K
}
Event: 42.126 GC heap after
{Heap after GC invocations=36 (full 0):
 garbage-first heap   total 1003520K, used 42806K [0x000000060b800000, 0x0000000800000000)
  region size 2048K, 6 young (12288K), 6 survivors (12288K)
 Metaspace       used 57069K, capacity 62668K, committed 62976K, reserved 1099776K
  class space    used 10320K, capacity 12447K, committed 12544K, reserved 1048576K
}
Event: 45.576 GC heap before
{Heap before GC invocations=37 (full 0):
 garbage-first heap   total 1003520K, used 501558K [0x000000060b800000, 0x0000000800000000)
  region size 2048K, 29 young (59392K), 6 survivors (12288K)
 Metaspace       used 57069K, capacity 62668K, committed 62976K, reserved 1099776K
  class space    used 10320K, capacity 12447K, committed 12544K, reserved 1048576K
}
Event: 45.580 GC heap after
{Heap after GC invocations=38 (full 0):
 garbage-first heap   total 1003520K, used 42810K [0x000000060b800000, 0x0000000800000000)
  region size 2048K, 6 young (12288K), 6 survivors (12288K)
 Metaspace       used 57069K, capacity 62668K, committed 62976K, reserved 1099776K
  class space    used 10320K, capacity 12447K, committed 12544K, reserved 1048576K
}
Event: 49.032 GC heap before
{Heap before GC invocations=39 (full 0):
 garbage-first heap   total 1003520K, used 501562K [0x000000060b800000, 0x0000000800000000)
  region size 2048K, 29 young (59392K), 6 survivors (12288K)
 Metaspace       used 57069K, capacity 62668K, committed 62976K, reserved 1099776K
  class space    used 10320K, capacity 12447K, committed 12544K, reserved 1048576K
}
Event: 49.036 GC heap after
{Heap after GC invocations=40 (full 0):
 garbage-first heap   total 1003520K, used 42705K [0x000000060b800000, 0x0000000800000000)
  region size 2048K, 6 young (12288K), 6 survivors (12288K)
 Metaspace       used 57069K, capacity 62668K, committed 62976K, reserved 1099776K
  class space    used 10320K, capacity 12447K, committed 12544K, reserved 1048576K
}
Event: 52.485 GC heap before
{Heap before GC invocations=41 (full 0):
 garbage-first heap   total 1003520K, used 501457K [0x000000060b800000, 0x0000000800000000)
  region size 2048K, 29 young (59392K), 6 survivors (12288K)
 Metaspace       used 57069K, capacity 62668K, committed 62976K, reserved 1099776K
  class space    used 10320K, capacity 12447K, committed 12544K, reserved 1048576K
}
Event: 52.489 GC heap after
{Heap after GC invocations=42 (full 0):
 garbage-first heap   total 1003520K, used 42869K [0x000000060b800000, 0x0000000800000000)
  region size 2048K, 6 young (12288K), 6 survivors (12288K)
 Metaspace       used 57069K, capacity 62668K, committed 62976K, reserved 1099776K
  class space    used 10320K, capacity 12447K, committed 12544K, reserved 1048576K
}
Event: 55.945 GC heap before
{Heap before GC invocations=43 (full 0):
 garbage-first heap   total 1003520K, used 501621K [0x000000060b800000, 0x0000000800000000)
  region size 2048K, 29 young (59392K), 6 survivors (12288K)
 Metaspace       used 57069K, capacity 62668K, committed 62976K, reserved 1099776K
  class space    used 10320K, capacity 12447K, committed 12544K, reserved 1048576K
}
Event: 55.948 GC heap after
{Heap after GC invocations=44 (full 0):
 garbage-first heap   total 1003520K, used 42931K [0x000000060b800000, 0x0000000800000000)
  region size 2048K, 6 young (12288K), 6 survivors (12288K)
 Metaspace       used 57069K, capacity 62668K, committed 62976K, reserved 1099776K
  class space    used 10320K, capacity 12447K, committed 12544K, reserved 1048576K
}
Event: 59.397 GC heap before
{Heap before GC invocations=45 (full 0):
 garbage-first heap   total 1003520K, used 501683K [0x000000060b800000, 0x0000000800000000)
  region size 2048K, 29 young (59392K), 6 survivors (12288K)
 Metaspace       used 57069K, capacity 62668K, committed 62976K, reserved 1099776K
  class space    used 10320K, capacity 12447K, committed 12544K, reserved 1048576K
}
Event: 59.401 GC heap after
{Heap after GC invocations=46 (full 0):
 garbage-first heap   total 1003520K, used 43005K [0x000000060b800000, 0x0000000800000000)
  region size 2048K, 1 young (2048K), 1 survivors (2048K)
 Metaspace       used 57069K, capacity 62668K, committed 62976K, reserved 1099776K
  class space    used 10320K, capacity 12447K, committed 12544K, reserved 1048576K
}
Event: 62.782 GC heap before
{Heap before GC invocations=47 (full 0):
 garbage-first heap   total 1003520K, used 491517K [0x000000060b800000, 0x0000000800000000)
  region size 2048K, 23 young (47104K), 1 survivors (2048K)
 Metaspace       used 57069K, capacity 62668K, committed 62976K, reserved 1099776K
  class space    used 10320K, capacity 12447K, committed 12544K, reserved 1048576K
}
Event: 62.784 GC heap after
{Heap after GC invocations=48 (full 0):
 garbage-first heap   total 1003520K, used 43107K [0x000000060b800000, 0x0000000800000000)
  region size 2048K, 1 young (2048K), 1 survivors (2048K)
 Metaspace       used 57069K, capacity 62668K, committed 62976K, reserved 1099776K
  class space    used 10320K, capacity 12447K, committed 12544K, reserved 1048576K
}
Event: 66.135 GC heap before
{Heap before GC invocations=49 (full 0):
 garbage-first heap   total 1003520K, used 491619K [0x000000060b800000, 0x0000000800000000)
  region size 2048K, 25 young (51200K), 1 survivors (2048K)
 Metaspace       used 57083K, capacity 62674K, committed 62976K, reserved 1099776K
  class space    used 10321K, capacity 12448K, committed 12544K, reserved 1048576K
}
Event: 66.137 GC heap after
{Heap after GC invocations=50 (full 0):
 garbage-first heap   total 1003520K, used 43110K [0x000000060b800000, 0x0000000800000000)
  region size 2048K, 1 young (2048K), 1 survivors (2048K)
 Metaspace       used 57083K, capacity 62674K, committed 62976K, reserved 1099776K
  class space    used 10321K, capacity 12448K, committed 12544K, reserved 1048576K
}

