# JRE version: OpenJDK Runtime Environment (11.0.17+8) (build 11.0.17+8-post-Ubuntu-1ubuntu220.04)
# Java VM: OpenJDK 64-Bit Server VM (11.0.17+8-post-Ubuntu-1ubuntu220.04, mixed mode, sharing, tiered, compressed oops, g1 gc, linux-amd64)
Heap:
 garbage-first heap   total 964608K, used 47800K [0x000000060b800000, 0x0000000800000000)
  region size 2048K, 2 young (4096K), 1 survivors (2048K)
 Metaspace       used 57174K, capacity 62739K, committed 63056K, reserved 1099776K
  class space    used 10320K, capacity 12448K, committed 12544K, reserved 1048576K
GC Heap History (20 events):
Event: 27.314 GC heap before
{Heap before GC invocations=28 (full 0):
 garbage-first heap   total 964608K, used 493887K [0x000000060b800000, 0x0000000800000000)
  region size 2048K, 34 young (69632K), 7 survivors (14336K)
 Metaspace       used 57139K, capacity 62675K, committed 62800K, reserved 1099776K
  class space    used 10320K, capacity 12448K, committed 12544K, reserved 1048576K
}
Event: 27.318 GC heap after
{Heap after GC invocations=29 (full 0):
 garbage-first heap   total 964608K, used 43184K [0x000000060b800000, 0x0000000800000000)
  region size 2048K, 6 young (12288K), 6 survivors (12288K)
 Metaspace       used 57139K, capacity 62675K, committed 62800K, reserved 1099776K
  class space    used 10320K, capacity 12448K, committed 12544K, reserved 1048576K
}
Event: 30.629 GC heap before
{Heap before GC invocations=30 (full 0):
 garbage-first heap   total 964608K, used 493744K [0x000000060b800000, 0x0000000800000000)
  region size 2048K, 33 young (67584K), 6 survivors (12288K)
 Metaspace       used 57151K, capacity 62675K, committed 62800K, reserved 1099776K
  class space    used 10320K, capacity 12448K, committed 12544K, reserved 1048576K
}
Event: 30.632 GC heap after
{Heap after GC invocations=31 (full 0):
 garbage-first heap   total 964608K, used 42941K [0x000000060b800000, 0x0000000800000000)
  region size 2048K, 6 young (12288K), 6 survivors (12288K)
 Metaspace       used 57151K, capacity 62675K, committed 62800K, reserved 1099776K
  class space    used 10320K, capacity 12448K, committed 12544K, reserved 1048576K
}
Event: 33.977 GC heap before
{Heap before GC invocations=32 (full 0):
 garbage-first heap   total 964608K, used 493501K [0x000000060b800000, 0x0000000800000000)
  region size 2048K, 33 young (67584K), 6 survivors (12288K)
 Metaspace       used 57157K, capacity 62675K, committed 62800K, reserved 1099776K
  class space    used 10320K, capacity 12448K, committed 12544K, reserved 1048576K
}
Event: 33.981 GC heap after
{Heap after GC invocations=33 (full 0):
 garbage-first heap   total 964608K, used 43278K [0x000000060b800000, 0x0000000800000000)
  region size 2048K, 6 young (12288K), 6 survivors (12288K)
 Metaspace       used 57157K, capacity 62675K, committed 62800K, reserved 1099776K
  class space    used 10320K, capacity 12448K, committed 12544K, reserved 1048576K
}
Event: 37.306 GC heap before
{Heap before GC invocations=34 (full 0):
 garbage-first heap   total 964608K, used 493838K [0x000000060b800000, 0x0000000800000000)
  region size 2048K, 33 young (67584K), 6 survivors (12288K)
 Metaspace       used 57162K, capacity 62675K, committed 62800K, reserved 1099776K
  class space    used 10320K, capacity 12448K, committed 12544K, reserved 1048576K
}
Event: 37.310 GC heap after
{Heap after GC invocations=35 (full 0):
 garbage-first heap   total 964608K, used 43344K [0x000000060b800000, 0x0000000800000000)
  region size 2048K, 6 young (12288K), 6 survivors (12288K)
 Metaspace       used 57162K, capacity 62675K, committed 62800K, reserved 1099776K
  class space    used 10320K, capacity 12448K, committed 12544K, reserved 1048576K
}
Event: 40.621 GC heap before
{Heap before GC invocations=36 (full 0):
 garbage-first heap   total 964608K, used 491856K [0x000000060b800000, 0x0000000800000000)
  region size 2048K, 32 young (65536K), 6 survivors (12288K)
 Metaspace       used 57162K, capacity 62675K, committed 62800K, reserved 1099776K
  class space    used 10320K, capacity 12448K, committed 12544K, reserved 1048576K
}
Event: 40.624 GC heap after
{Heap after GC invocations=37 (full 0):
 garbage-first heap   total 964608K, used 43336K [0x000000060b800000, 0x0000000800000000)
  region size 2048K, 6 young (12288K), 6 survivors (12288K)
 Metaspace       used 57162K, capacity 62675K, committed 62800K, reserved 1099776K
  class space    used 10320K, capacity 12448K, committed 12544K, reserved 1048576K
}
Event: 43.936 GC heap before
{Heap before GC invocations=38 (full 0):
 garbage-first heap   total 964608K, used 491848K [0x000000060b800000, 0x0000000800000000)
  region size 2048K, 32 young (65536K), 6 survivors (12288K)
 Metaspace       used 57166K, capacity 62675K, committed 62800K, reserved 1099776K
  class space    used 10320K, capacity 12448K, committed 12544K, reserved 1048576K
}
Event: 43.940 GC heap after
{Heap after GC invocations=39 (full 0):
 garbage-first heap   total 964608K, used 43579K [0x000000060b800000, 0x0000000800000000)
  region size 2048K, 6 young (12288K), 6 survivors (12288K)
 Metaspace       used 57166K, capacity 62675K, committed 62800K, reserved 1099776K
  class space    used 10320K, capacity 12448K, committed 12544K, reserved 1048576K
}
Event: 47.259 GC heap before
{Heap before GC invocations=40 (full 0):
 garbage-first heap   total 964608K, used 494139K [0x000000060b800000, 0x0000000800000000)
  region size 2048K, 33 young (67584K), 6 survivors (12288K)
 Metaspace       used 57172K, capacity 62739K, committed 63056K, reserved 1099776K
  class space    used 10320K, capacity 12448K, committed 12544K, reserved 1048576K
}
Event: 47.264 GC heap after
{Heap after GC invocations=41 (full 0):
 garbage-first heap   total 964608K, used 43394K [0x000000060b800000, 0x0000000800000000)
  region size 2048K, 6 young (12288K), 6 survivors (12288K)
 Metaspace       used 57172K, capacity 62739K, committed 63056K, reserved 1099776K
  class space    used 10320K, capacity 12448K, committed 12544K, reserved 1048576K
}
Event: 50.581 GC heap before
{Heap before GC invocations=42 (full 0):
 garbage-first heap   total 964608K, used 491906K [0x000000060b800000, 0x0000000800000000)
  region size 2048K, 32 young (65536K), 6 survivors (12288K)
 Metaspace       used 57172K, capacity 62739K, committed 63056K, reserved 1099776K
  class space    used 10320K, capacity 12448K, committed 12544K, reserved 1048576K
}
Event: 50.585 GC heap after
{Heap after GC invocations=43 (full 0):
 garbage-first heap   total 964608K, used 43484K [0x000000060b800000, 0x0000000800000000)
  region size 2048K, 6 young (12288K), 6 survivors (12288K)
 Metaspace       used 57172K, capacity 62739K, committed 63056K, reserved 1099776K
  class space    used 10320K, capacity 12448K, committed 12544K, reserved 1048576K
}
Event: 53.898 GC heap before
{Heap before GC invocations=44 (full 0):
 garbage-first heap   total 964608K, used 491996K [0x000000060b800000, 0x0000000800000000)
  region size 2048K, 32 young (65536K), 6 survivors (12288K)
 Metaspace       used 57172K, capacity 62739K, committed 63056K, reserved 1099776K
  class space    used 10320K, capacity 12448K, committed 12544K, reserved 1048576K
}
Event: 53.902 GC heap after
{Heap after GC invocations=45 (full 0):
 garbage-first heap   total 964608K, used 43406K [0x000000060b800000, 0x0000000800000000)
  region size 2048K, 5 young (10240K), 5 survivors (10240K)
 Metaspace       used 57172K, capacity 62739K, committed 63056K, reserved 1099776K
  class space    used 10320K, capacity 12448K, committed 12544K, reserved 1048576K
}
Event: 57.213 GC heap before
{Heap before GC invocations=46 (full 0):
 garbage-first heap   total 964608K, used 485774K [0x000000060b800000, 0x0000000800000000)
  region size 2048K, 30 young (61440K), 5 survivors (10240K)
 Metaspace       used 57174K, capacity 62739K, committed 63056K, reserved 1099776K
  class space    used 10320K, capacity 12448K, committed 12544K, reserved 1048576K
}
Event: 57.217 GC heap after
{Heap after GC invocations=47 (full 0):
 garbage-first heap   total 964608K, used 43704K [0x000000060b800000, 0x0000000800000000)
  region size 2048K, 1 young (2048K), 1 survivors (2048K)
 Metaspace       used 57174K, capacity 62739K, committed 63056K, reserved 1099776K
  class space    used 10320K, capacity 12448K, committed 12544K, reserved 1048576K
}

